2014-11-10 14:29:40,481 [Worker-6] INFO  o.e.m.c.i.l.LifecycleMappingFactory - Using org.maven.ide.eclipse.wtp.WarLifecycleMapping lifecycle mapping for MavenProject: com.impl_auth.common:CentralServer:1.0-SNAPSHOT @ /Users/pratibha/Desktop/Practicum2014-Ericsson-Authentication/AuthenticationServer/pom.xml.
2014-11-10 14:29:41,504 [Worker-6] INFO  o.e.m.c.i.e.AbstractTransferListenerAdapter - Downloaded http://download.java.net/maven/2/org/jboss/resteasy/resteasy-jaxrs/2.2.1.GA/resteasy-jaxrs-2.2.1.GA.pom
2014-11-10 14:29:42,605 [Worker-6] INFO  o.e.m.c.i.e.AbstractTransferListenerAdapter - Downloading https://repository.jboss.org/nexus/content/groups/public-jboss/org/jboss/resteasy/resteasy-jaxrs/2.2.1.GA/resteasy-jaxrs-2.2.1.GA.pom
2014-11-10 14:29:42,807 [Worker-6] INFO  o.e.m.c.i.e.AbstractTransferListenerAdapter - Downloaded https://repository.jboss.org/nexus/content/groups/public-jboss/org/jboss/resteasy/resteasy-jaxrs/2.2.1.GA/resteasy-jaxrs-2.2.1.GA.pom
2014-11-10 14:29:42,984 [Worker-6] INFO  o.e.m.c.i.e.AbstractTransferListenerAdapter - Downloaded http://download.java.net/maven/2/org/jboss/resteasy/resteasy-jaxrs-all/2.2.1.GA/resteasy-jaxrs-all-2.2.1.GA.pom
2014-11-10 14:29:43,542 [Worker-6] INFO  o.e.m.c.i.e.AbstractTransferListenerAdapter - Downloaded https://repository.jboss.org/nexus/content/groups/public-jboss/org/jboss/resteasy/resteasy-jaxrs-all/2.2.1.GA/resteasy-jaxrs-all-2.2.1.GA.pom
2014-11-10 14:29:43,677 [Worker-6] INFO  o.e.m.c.i.e.AbstractTransferListenerAdapter - Downloaded http://download.java.net/maven/2/org/jboss/resteasy/jaxrs-api/2.2.1.GA/jaxrs-api-2.2.1.GA.pom
2014-11-10 14:29:44,018 [Worker-6] INFO  o.e.m.c.i.e.AbstractTransferListenerAdapter - Downloading https://repository.jboss.org/nexus/content/groups/public-jboss/org/jboss/resteasy/jaxrs-api/2.2.1.GA/jaxrs-api-2.2.1.GA.pom
2014-11-10 14:29:44,145 [Worker-6] INFO  o.e.m.c.i.e.AbstractTransferListenerAdapter - Downloaded https://repository.jboss.org/nexus/content/groups/public-jboss/org/jboss/resteasy/jaxrs-api/2.2.1.GA/jaxrs-api-2.2.1.GA.pom
2014-11-10 14:29:44,270 [Worker-6] INFO  o.e.m.c.i.e.AbstractTransferListenerAdapter - Downloaded http://download.java.net/maven/2/org/scannotation/scannotation/1.0.3/scannotation-1.0.3.pom
2014-11-10 14:29:44,654 [Worker-6] INFO  o.e.m.c.i.e.AbstractTransferListenerAdapter - Downloading https://repository.jboss.org/nexus/content/groups/public-jboss/org/scannotation/scannotation/1.0.3/scannotation-1.0.3.pom
2014-11-10 14:29:44,785 [Worker-6] INFO  o.e.m.c.i.e.AbstractTransferListenerAdapter - Downloaded https://repository.jboss.org/nexus/content/groups/public-jboss/org/scannotation/scannotation/1.0.3/scannotation-1.0.3.pom
2014-11-10 14:29:44,919 [Worker-6] INFO  o.e.m.c.i.e.AbstractTransferListenerAdapter - Downloaded http://download.java.net/maven/2/javassist/javassist/3.12.1.GA/javassist-3.12.1.GA.pom
2014-11-10 14:29:45,257 [Worker-6] INFO  o.e.m.c.i.e.AbstractTransferListenerAdapter - Downloading https://repository.jboss.org/nexus/content/groups/public-jboss/javassist/javassist/3.12.1.GA/javassist-3.12.1.GA.pom
2014-11-10 14:29:45,385 [Worker-6] INFO  o.e.m.c.i.e.AbstractTransferListenerAdapter - Downloaded https://repository.jboss.org/nexus/content/groups/public-jboss/javassist/javassist/3.12.1.GA/javassist-3.12.1.GA.pom
2014-11-10 14:29:45,515 [Worker-6] INFO  o.e.m.c.i.e.AbstractTransferListenerAdapter - Downloading http://download.java.net/maven/2/javax/annotation/jsr250-api/1.0/jsr250-api-1.0.pom
2014-11-10 14:29:45,637 [Worker-6] INFO  o.e.m.c.i.e.AbstractTransferListenerAdapter - Downloaded http://download.java.net/maven/2/javax/annotation/jsr250-api/1.0/jsr250-api-1.0.pom
2014-11-10 14:29:45,708 [Worker-6] INFO  o.e.m.c.i.e.AbstractTransferListenerAdapter - Downloaded http://download.java.net/maven/2/javax/activation/activation/1.1/activation-1.1.pom
2014-11-10 14:29:46,047 [Worker-6] INFO  o.e.m.c.i.e.AbstractTransferListenerAdapter - Downloading https://repository.jboss.org/nexus/content/groups/public-jboss/javax/activation/activation/1.1/activation-1.1.pom
2014-11-10 14:29:46,186 [Worker-6] INFO  o.e.m.c.i.e.AbstractTransferListenerAdapter - Downloaded https://repository.jboss.org/nexus/content/groups/public-jboss/javax/activation/activation/1.1/activation-1.1.pom
2014-11-10 14:29:46,319 [Worker-6] INFO  o.e.m.c.i.e.AbstractTransferListenerAdapter - Downloaded http://download.java.net/maven/2/commons-httpclient/commons-httpclient/3.1/commons-httpclient-3.1.pom
2014-11-10 14:29:46,663 [Worker-6] INFO  o.e.m.c.i.e.AbstractTransferListenerAdapter - Downloading https://repository.jboss.org/nexus/content/groups/public-jboss/commons-httpclient/commons-httpclient/3.1/commons-httpclient-3.1.pom
2014-11-10 14:29:46,806 [Worker-6] INFO  o.e.m.c.i.e.AbstractTransferListenerAdapter - Downloaded https://repository.jboss.org/nexus/content/groups/public-jboss/commons-httpclient/commons-httpclient/3.1/commons-httpclient-3.1.pom
2014-11-10 14:29:46,938 [Worker-6] INFO  o.e.m.c.i.e.AbstractTransferListenerAdapter - Downloaded http://download.java.net/maven/2/commons-logging/commons-logging/1.0.4/commons-logging-1.0.4.pom
2014-11-10 14:29:47,282 [Worker-6] INFO  o.e.m.c.i.e.AbstractTransferListenerAdapter - Downloading https://repository.jboss.org/nexus/content/groups/public-jboss/commons-logging/commons-logging/1.0.4/commons-logging-1.0.4.pom
2014-11-10 14:29:47,426 [Worker-6] INFO  o.e.m.c.i.e.AbstractTransferListenerAdapter - Downloaded https://repository.jboss.org/nexus/content/groups/public-jboss/commons-logging/commons-logging/1.0.4/commons-logging-1.0.4.pom
2014-11-10 14:29:47,553 [Worker-6] INFO  o.e.m.c.i.e.AbstractTransferListenerAdapter - Downloaded http://download.java.net/maven/2/commons-codec/commons-codec/1.2/commons-codec-1.2.pom
2014-11-10 14:29:47,893 [Worker-6] INFO  o.e.m.c.i.e.AbstractTransferListenerAdapter - Downloading https://repository.jboss.org/nexus/content/groups/public-jboss/commons-codec/commons-codec/1.2/commons-codec-1.2.pom
2014-11-10 14:29:48,023 [Worker-6] INFO  o.e.m.c.i.e.AbstractTransferListenerAdapter - Downloaded https://repository.jboss.org/nexus/content/groups/public-jboss/commons-codec/commons-codec/1.2/commons-codec-1.2.pom
2014-11-10 14:29:48,153 [Worker-6] INFO  o.e.m.c.i.e.AbstractTransferListenerAdapter - Downloaded http://download.java.net/maven/2/org/apache/httpcomponents/httpclient/4.0.3/httpclient-4.0.3.pom
2014-11-10 14:29:48,527 [Worker-6] INFO  o.e.m.c.i.e.AbstractTransferListenerAdapter - Downloading https://repository.jboss.org/nexus/content/groups/public-jboss/org/apache/httpcomponents/httpclient/4.0.3/httpclient-4.0.3.pom
2014-11-10 14:29:48,716 [Worker-6] INFO  o.e.m.c.i.e.AbstractTransferListenerAdapter - Downloaded https://repository.jboss.org/nexus/content/groups/public-jboss/org/apache/httpcomponents/httpclient/4.0.3/httpclient-4.0.3.pom
2014-11-10 14:29:48,849 [Worker-6] INFO  o.e.m.c.i.e.AbstractTransferListenerAdapter - Downloaded http://download.java.net/maven/2/org/apache/httpcomponents/httpcomponents-client/4.0.3/httpcomponents-client-4.0.3.pom
2014-11-10 14:29:49,415 [Worker-6] INFO  o.e.m.c.i.e.AbstractTransferListenerAdapter - Downloaded https://repository.jboss.org/nexus/content/groups/public-jboss/org/apache/httpcomponents/httpcomponents-client/4.0.3/httpcomponents-client-4.0.3.pom
2014-11-10 14:29:49,542 [Worker-6] INFO  o.e.m.c.i.e.AbstractTransferListenerAdapter - Downloaded http://download.java.net/maven/2/org/apache/httpcomponents/project/4.1/project-4.1.pom
2014-11-10 14:29:50,103 [Worker-6] INFO  o.e.m.c.i.e.AbstractTransferListenerAdapter - Downloaded https://repository.jboss.org/nexus/content/groups/public-jboss/org/apache/httpcomponents/project/4.1/project-4.1.pom
2014-11-10 14:29:50,230 [Worker-6] INFO  o.e.m.c.i.e.AbstractTransferListenerAdapter - Downloaded http://download.java.net/maven/2/org/apache/httpcomponents/httpcore/4.0.1/httpcore-4.0.1.pom
2014-11-10 14:29:50,570 [Worker-6] INFO  o.e.m.c.i.e.AbstractTransferListenerAdapter - Downloading https://repository.jboss.org/nexus/content/groups/public-jboss/org/apache/httpcomponents/httpcore/4.0.1/httpcore-4.0.1.pom
2014-11-10 14:29:50,716 [Worker-6] INFO  o.e.m.c.i.e.AbstractTransferListenerAdapter - Downloaded https://repository.jboss.org/nexus/content/groups/public-jboss/org/apache/httpcomponents/httpcore/4.0.1/httpcore-4.0.1.pom
2014-11-10 14:29:50,842 [Worker-6] INFO  o.e.m.c.i.e.AbstractTransferListenerAdapter - Downloaded http://download.java.net/maven/2/org/apache/httpcomponents/httpcomponents-core/4.0.1/httpcomponents-core-4.0.1.pom
2014-11-10 14:29:51,354 [Worker-6] INFO  o.e.m.c.i.e.AbstractTransferListenerAdapter - Downloaded https://repository.jboss.org/nexus/content/groups/public-jboss/org/apache/httpcomponents/httpcomponents-core/4.0.1/httpcomponents-core-4.0.1.pom
2014-11-10 14:29:51,490 [Worker-6] INFO  o.e.m.c.i.e.AbstractTransferListenerAdapter - Downloaded http://download.java.net/maven/2/org/apache/httpcomponents/project/4.0/project-4.0.pom
2014-11-10 14:29:52,075 [Worker-6] INFO  o.e.m.c.i.e.AbstractTransferListenerAdapter - Downloaded https://repository.jboss.org/nexus/content/groups/public-jboss/org/apache/httpcomponents/project/4.0/project-4.0.pom
2014-11-10 14:29:52,208 [Worker-6] INFO  o.e.m.c.i.e.AbstractTransferListenerAdapter - Downloaded http://download.java.net/maven/2/commons-logging/commons-logging/1.1.1/commons-logging-1.1.1.pom
2014-11-10 14:29:52,750 [Worker-6] INFO  o.e.m.c.i.e.AbstractTransferListenerAdapter - Downloaded https://repository.jboss.org/nexus/content/groups/public-jboss/commons-logging/commons-logging/1.1.1/commons-logging-1.1.1.pom
2014-11-10 14:29:52,875 [Worker-6] INFO  o.e.m.c.i.e.AbstractTransferListenerAdapter - Downloaded http://download.java.net/maven/2/org/apache/commons/commons-parent/5/commons-parent-5.pom
2014-11-10 14:29:53,427 [Worker-6] INFO  o.e.m.c.i.e.AbstractTransferListenerAdapter - Downloaded https://repository.jboss.org/nexus/content/groups/public-jboss/org/apache/commons/commons-parent/5/commons-parent-5.pom
2014-11-10 14:29:53,560 [Worker-6] INFO  o.e.m.c.i.e.AbstractTransferListenerAdapter - Downloaded http://download.java.net/maven/2/commons-codec/commons-codec/1.3/commons-codec-1.3.pom
2014-11-10 14:29:53,908 [Worker-6] INFO  o.e.m.c.i.e.AbstractTransferListenerAdapter - Downloading https://repository.jboss.org/nexus/content/groups/public-jboss/commons-codec/commons-codec/1.3/commons-codec-1.3.pom
2014-11-10 14:29:54,049 [Worker-6] INFO  o.e.m.c.i.e.AbstractTransferListenerAdapter - Downloaded https://repository.jboss.org/nexus/content/groups/public-jboss/commons-codec/commons-codec/1.3/commons-codec-1.3.pom
2014-11-10 14:29:54,178 [Worker-6] INFO  o.e.m.c.i.e.AbstractTransferListenerAdapter - Downloaded http://download.java.net/maven/2/net/jcip/jcip-annotations/1.0/jcip-annotations-1.0.pom
2014-11-10 14:29:54,522 [Worker-6] INFO  o.e.m.c.i.e.AbstractTransferListenerAdapter - Downloading https://repository.jboss.org/nexus/content/groups/public-jboss/net/jcip/jcip-annotations/1.0/jcip-annotations-1.0.pom
2014-11-10 14:29:54,666 [Worker-6] INFO  o.e.m.c.i.e.AbstractTransferListenerAdapter - Downloaded https://repository.jboss.org/nexus/content/groups/public-jboss/net/jcip/jcip-annotations/1.0/jcip-annotations-1.0.pom
2014-11-10 14:29:54,792 [Worker-6] INFO  o.e.m.c.i.e.AbstractTransferListenerAdapter - Downloaded http://download.java.net/maven/2/org/jboss/resteasy/resteasy-jackson-provider/2.2.1.GA/resteasy-jackson-provider-2.2.1.GA.pom
2014-11-10 14:29:55,400 [Worker-6] INFO  o.e.m.c.i.e.AbstractTransferListenerAdapter - Downloading https://repository.jboss.org/nexus/content/groups/public-jboss/org/jboss/resteasy/resteasy-jackson-provider/2.2.1.GA/resteasy-jackson-provider-2.2.1.GA.pom
2014-11-10 14:29:55,528 [Worker-6] INFO  o.e.m.c.i.e.AbstractTransferListenerAdapter - Downloaded https://repository.jboss.org/nexus/content/groups/public-jboss/org/jboss/resteasy/resteasy-jackson-provider/2.2.1.GA/resteasy-jackson-provider-2.2.1.GA.pom
2014-11-10 14:29:55,658 [Worker-6] INFO  o.e.m.c.i.e.AbstractTransferListenerAdapter - Downloaded http://download.java.net/maven/2/org/codehaus/jackson/jackson-core-asl/1.6.3/jackson-core-asl-1.6.3.pom
2014-11-10 14:29:56,031 [Worker-6] INFO  o.e.m.c.i.e.AbstractTransferListenerAdapter - Downloading https://repository.jboss.org/nexus/content/groups/public-jboss/org/codehaus/jackson/jackson-core-asl/1.6.3/jackson-core-asl-1.6.3.pom
2014-11-10 14:29:56,276 [Worker-6] INFO  o.e.m.c.i.e.AbstractTransferListenerAdapter - Downloaded https://repository.jboss.org/nexus/content/groups/public-jboss/org/codehaus/jackson/jackson-core-asl/1.6.3/jackson-core-asl-1.6.3.pom
2014-11-10 14:29:56,409 [Worker-6] INFO  o.e.m.c.i.e.AbstractTransferListenerAdapter - Downloaded http://download.java.net/maven/2/org/codehaus/jackson/jackson-mapper-asl/1.6.3/jackson-mapper-asl-1.6.3.pom
2014-11-10 14:29:56,783 [Worker-6] INFO  o.e.m.c.i.e.AbstractTransferListenerAdapter - Downloading https://repository.jboss.org/nexus/content/groups/public-jboss/org/codehaus/jackson/jackson-mapper-asl/1.6.3/jackson-mapper-asl-1.6.3.pom
2014-11-10 14:29:56,987 [Worker-6] INFO  o.e.m.c.i.e.AbstractTransferListenerAdapter - Downloaded https://repository.jboss.org/nexus/content/groups/public-jboss/org/codehaus/jackson/jackson-mapper-asl/1.6.3/jackson-mapper-asl-1.6.3.pom
2014-11-10 14:29:57,124 [Worker-6] INFO  o.e.m.c.i.e.AbstractTransferListenerAdapter - Downloaded http://download.java.net/maven/2/org/codehaus/jackson/jackson-jaxrs/1.6.3/jackson-jaxrs-1.6.3.pom
2014-11-10 14:29:57,501 [Worker-6] INFO  o.e.m.c.i.e.AbstractTransferListenerAdapter - Downloading https://repository.jboss.org/nexus/content/groups/public-jboss/org/codehaus/jackson/jackson-jaxrs/1.6.3/jackson-jaxrs-1.6.3.pom
2014-11-10 14:29:57,690 [Worker-6] INFO  o.e.m.c.i.e.AbstractTransferListenerAdapter - Downloaded https://repository.jboss.org/nexus/content/groups/public-jboss/org/codehaus/jackson/jackson-jaxrs/1.6.3/jackson-jaxrs-1.6.3.pom
2014-11-10 14:29:57,819 [Worker-6] INFO  o.e.m.c.i.e.AbstractTransferListenerAdapter - Downloaded http://download.java.net/maven/2/org/codehaus/jackson/jackson-xc/1.6.3/jackson-xc-1.6.3.pom
2014-11-10 14:29:58,200 [Worker-6] INFO  o.e.m.c.i.e.AbstractTransferListenerAdapter - Downloading https://repository.jboss.org/nexus/content/groups/public-jboss/org/codehaus/jackson/jackson-xc/1.6.3/jackson-xc-1.6.3.pom
2014-11-10 14:29:58,418 [Worker-6] INFO  o.e.m.c.i.e.AbstractTransferListenerAdapter - Downloaded https://repository.jboss.org/nexus/content/groups/public-jboss/org/codehaus/jackson/jackson-xc/1.6.3/jackson-xc-1.6.3.pom
2014-11-10 14:29:58,655 [Worker-6] INFO  o.e.m.c.i.e.AbstractTransferListenerAdapter - Downloaded http://download.java.net/maven/2/mysql/mysql-connector-java/5.1.21/mysql-connector-java-5.1.21.pom
2014-11-10 14:29:59,004 [Worker-6] INFO  o.e.m.c.i.e.AbstractTransferListenerAdapter - Downloading https://repository.jboss.org/nexus/content/groups/public-jboss/mysql/mysql-connector-java/5.1.21/mysql-connector-java-5.1.21.pom
2014-11-10 14:29:59,132 [Worker-6] INFO  o.e.m.c.i.e.AbstractTransferListenerAdapter - Downloaded https://repository.jboss.org/nexus/content/groups/public-jboss/mysql/mysql-connector-java/5.1.21/mysql-connector-java-5.1.21.pom
2014-11-10 14:29:59,256 [Worker-6] INFO  o.e.m.c.i.e.AbstractTransferListenerAdapter - Downloaded http://download.java.net/maven/2/org/bytedeco/javacv/0.9/javacv-0.9.pom
2014-11-10 14:29:59,826 [Worker-6] INFO  o.e.m.c.i.e.AbstractTransferListenerAdapter - Downloaded https://repository.jboss.org/nexus/content/groups/public-jboss/org/bytedeco/javacv/0.9/javacv-0.9.pom
2014-11-10 14:29:59,969 [Worker-6] INFO  o.e.m.c.i.e.AbstractTransferListenerAdapter - Downloaded http://download.java.net/maven/2/org/bytedeco/javacpp/0.9/javacpp-0.9.pom
2014-11-10 14:30:00,332 [Worker-6] INFO  o.e.m.c.i.e.AbstractTransferListenerAdapter - Downloading https://repository.jboss.org/nexus/content/groups/public-jboss/org/bytedeco/javacpp/0.9/javacpp-0.9.pom
2014-11-10 14:30:01,022 [Worker-6] INFO  o.e.m.c.i.e.AbstractTransferListenerAdapter - Downloaded https://repository.jboss.org/nexus/content/groups/public-jboss/org/bytedeco/javacpp/0.9/javacpp-0.9.pom
2014-11-10 14:30:01,149 [Worker-6] INFO  o.e.m.c.i.e.AbstractTransferListenerAdapter - Downloaded http://download.java.net/maven/2/org/bytedeco/javacpp-presets/opencv/2.4.9-0.9/opencv-2.4.9-0.9.pom
2014-11-10 14:30:01,499 [Worker-6] INFO  o.e.m.c.i.e.AbstractTransferListenerAdapter - Downloading https://repository.jboss.org/nexus/content/groups/public-jboss/org/bytedeco/javacpp-presets/opencv/2.4.9-0.9/opencv-2.4.9-0.9.pom
2014-11-10 14:30:01,625 [Worker-6] INFO  o.e.m.c.i.e.AbstractTransferListenerAdapter - Downloaded https://repository.jboss.org/nexus/content/groups/public-jboss/org/bytedeco/javacpp-presets/opencv/2.4.9-0.9/opencv-2.4.9-0.9.pom
2014-11-10 14:30:01,749 [Worker-6] INFO  o.e.m.c.i.e.AbstractTransferListenerAdapter - Downloaded http://download.java.net/maven/2/org/bytedeco/javacpp-presets/0.9/javacpp-presets-0.9.pom
2014-11-10 14:30:02,284 [Worker-6] INFO  o.e.m.c.i.e.AbstractTransferListenerAdapter - Downloaded https://repository.jboss.org/nexus/content/groups/public-jboss/org/bytedeco/javacpp-presets/0.9/javacpp-presets-0.9.pom
2014-11-10 14:30:02,410 [Worker-6] INFO  o.e.m.c.i.e.AbstractTransferListenerAdapter - Downloaded http://download.java.net/maven/2/org/bytedeco/javacpp-presets/ffmpeg/2.3-0.9/ffmpeg-2.3-0.9.pom
2014-11-10 14:30:02,763 [Worker-6] INFO  o.e.m.c.i.e.AbstractTransferListenerAdapter - Downloading https://repository.jboss.org/nexus/content/groups/public-jboss/org/bytedeco/javacpp-presets/ffmpeg/2.3-0.9/ffmpeg-2.3-0.9.pom
2014-11-10 14:30:03,302 [Worker-6] INFO  o.e.m.c.i.e.AbstractTransferListenerAdapter - Downloaded https://repository.jboss.org/nexus/content/groups/public-jboss/org/bytedeco/javacpp-presets/ffmpeg/2.3-0.9/ffmpeg-2.3-0.9.pom
2014-11-10 14:30:03,433 [Worker-6] INFO  o.e.m.c.i.e.AbstractTransferListenerAdapter - Downloaded http://download.java.net/maven/2/org/bytedeco/javacpp-presets/flycapture/2.6.3.4-0.9/flycapture-2.6.3.4-0.9.pom
2014-11-10 14:30:03,787 [Worker-6] INFO  o.e.m.c.i.e.AbstractTransferListenerAdapter - Downloading https://repository.jboss.org/nexus/content/groups/public-jboss/org/bytedeco/javacpp-presets/flycapture/2.6.3.4-0.9/flycapture-2.6.3.4-0.9.pom
2014-11-10 14:30:04,583 [Worker-6] INFO  o.e.m.c.i.e.AbstractTransferListenerAdapter - Downloaded https://repository.jboss.org/nexus/content/groups/public-jboss/org/bytedeco/javacpp-presets/flycapture/2.6.3.4-0.9/flycapture-2.6.3.4-0.9.pom
2014-11-10 14:30:04,709 [Worker-6] INFO  o.e.m.c.i.e.AbstractTransferListenerAdapter - Downloaded http://download.java.net/maven/2/org/bytedeco/javacpp-presets/libdc1394/2.2.2-0.9/libdc1394-2.2.2-0.9.pom
2014-11-10 14:30:05,068 [Worker-6] INFO  o.e.m.c.i.e.AbstractTransferListenerAdapter - Downloading https://repository.jboss.org/nexus/content/groups/public-jboss/org/bytedeco/javacpp-presets/libdc1394/2.2.2-0.9/libdc1394-2.2.2-0.9.pom
2014-11-10 14:30:05,551 [Worker-6] INFO  o.e.m.c.i.e.AbstractTransferListenerAdapter - Downloaded https://repository.jboss.org/nexus/content/groups/public-jboss/org/bytedeco/javacpp-presets/libdc1394/2.2.2-0.9/libdc1394-2.2.2-0.9.pom
2014-11-10 14:30:05,766 [Worker-6] INFO  o.e.m.c.i.e.AbstractTransferListenerAdapter - Downloaded http://download.java.net/maven/2/org/bytedeco/javacpp-presets/libfreenect/0.5-0.9/libfreenect-0.5-0.9.pom
2014-11-10 14:30:06,128 [Worker-6] INFO  o.e.m.c.i.e.AbstractTransferListenerAdapter - Downloading https://repository.jboss.org/nexus/content/groups/public-jboss/org/bytedeco/javacpp-presets/libfreenect/0.5-0.9/libfreenect-0.5-0.9.pom
2014-11-10 14:30:06,592 [Worker-6] INFO  o.e.m.c.i.e.AbstractTransferListenerAdapter - Downloaded https://repository.jboss.org/nexus/content/groups/public-jboss/org/bytedeco/javacpp-presets/libfreenect/0.5-0.9/libfreenect-0.5-0.9.pom
2014-11-10 14:30:06,721 [Worker-6] INFO  o.e.m.c.i.e.AbstractTransferListenerAdapter - Downloaded http://download.java.net/maven/2/org/bytedeco/javacpp-presets/videoinput/0.200-0.9/videoinput-0.200-0.9.pom
2014-11-10 14:30:07,066 [Worker-6] INFO  o.e.m.c.i.e.AbstractTransferListenerAdapter - Downloading https://repository.jboss.org/nexus/content/groups/public-jboss/org/bytedeco/javacpp-presets/videoinput/0.200-0.9/videoinput-0.200-0.9.pom
2014-11-10 14:30:07,762 [Worker-6] INFO  o.e.m.c.i.e.AbstractTransferListenerAdapter - Downloaded https://repository.jboss.org/nexus/content/groups/public-jboss/org/bytedeco/javacpp-presets/videoinput/0.200-0.9/videoinput-0.200-0.9.pom
2014-11-10 14:30:07,888 [Worker-6] INFO  o.e.m.c.i.e.AbstractTransferListenerAdapter - Downloaded http://download.java.net/maven/2/org/bytedeco/javacpp-presets/artoolkitplus/2.3.0-0.9/artoolkitplus-2.3.0-0.9.pom
2014-11-10 14:30:08,243 [Worker-6] INFO  o.e.m.c.i.e.AbstractTransferListenerAdapter - Downloading https://repository.jboss.org/nexus/content/groups/public-jboss/org/bytedeco/javacpp-presets/artoolkitplus/2.3.0-0.9/artoolkitplus-2.3.0-0.9.pom
2014-11-10 14:30:08,381 [Worker-6] INFO  o.e.m.c.i.e.AbstractTransferListenerAdapter - Downloaded https://repository.jboss.org/nexus/content/groups/public-jboss/org/bytedeco/javacpp-presets/artoolkitplus/2.3.0-0.9/artoolkitplus-2.3.0-0.9.pom
2014-11-10 14:30:08,533 [Worker-6] INFO  o.e.m.c.i.e.AbstractTransferListenerAdapter - Downloaded http://download.java.net/maven/2/org/jboss/resteasy/resteasy-jaxrs/2.2.1.GA/resteasy-jaxrs-2.2.1.GA.jar
2014-11-10 14:30:08,662 [Worker-6] INFO  o.e.m.c.i.e.AbstractTransferListenerAdapter - Downloaded http://download.java.net/maven/2/org/jboss/resteasy/jaxrs-api/2.2.1.GA/jaxrs-api-2.2.1.GA.jar
2014-11-10 14:30:08,790 [Worker-6] INFO  o.e.m.c.i.e.AbstractTransferListenerAdapter - Downloaded http://download.java.net/maven/2/org/scannotation/scannotation/1.0.3/scannotation-1.0.3.jar
2014-11-10 14:30:08,913 [Worker-6] INFO  o.e.m.c.i.e.AbstractTransferListenerAdapter - Downloaded http://download.java.net/maven/2/javassist/javassist/3.12.1.GA/javassist-3.12.1.GA.jar
2014-11-10 14:30:09,032 [Worker-6] INFO  o.e.m.c.i.e.AbstractTransferListenerAdapter - Downloading http://download.java.net/maven/2/javax/annotation/jsr250-api/1.0/jsr250-api-1.0.jar
2014-11-10 14:30:09,282 [Worker-6] INFO  o.e.m.c.i.e.AbstractTransferListenerAdapter - Downloaded http://download.java.net/maven/2/javax/annotation/jsr250-api/1.0/jsr250-api-1.0.jar
2014-11-10 14:30:09,341 [Worker-6] INFO  o.e.m.c.i.e.AbstractTransferListenerAdapter - Downloaded http://download.java.net/maven/2/javax/activation/activation/1.1/activation-1.1.jar
2014-11-10 14:30:09,463 [Worker-6] INFO  o.e.m.c.i.e.AbstractTransferListenerAdapter - Downloaded http://download.java.net/maven/2/commons-httpclient/commons-httpclient/3.1/commons-httpclient-3.1.jar
2014-11-10 14:30:09,595 [Worker-6] INFO  o.e.m.c.i.e.AbstractTransferListenerAdapter - Downloaded http://download.java.net/maven/2/commons-logging/commons-logging/1.0.4/commons-logging-1.0.4.jar
2014-11-10 14:30:09,720 [Worker-6] INFO  o.e.m.c.i.e.AbstractTransferListenerAdapter - Downloaded http://download.java.net/maven/2/commons-codec/commons-codec/1.2/commons-codec-1.2.jar
2014-11-10 14:30:09,841 [Worker-6] INFO  o.e.m.c.i.e.AbstractTransferListenerAdapter - Downloaded http://download.java.net/maven/2/org/apache/httpcomponents/httpclient/4.0.3/httpclient-4.0.3.jar
2014-11-10 14:30:09,965 [Worker-6] INFO  o.e.m.c.i.e.AbstractTransferListenerAdapter - Downloaded http://download.java.net/maven/2/org/apache/httpcomponents/httpcore/4.0.1/httpcore-4.0.1.jar
2014-11-10 14:30:10,083 [Worker-6] INFO  o.e.m.c.i.e.AbstractTransferListenerAdapter - Downloaded http://download.java.net/maven/2/net/jcip/jcip-annotations/1.0/jcip-annotations-1.0.jar
2014-11-10 14:30:10,202 [Worker-6] INFO  o.e.m.c.i.e.AbstractTransferListenerAdapter - Downloaded http://download.java.net/maven/2/org/jboss/resteasy/resteasy-jackson-provider/2.2.1.GA/resteasy-jackson-provider-2.2.1.GA.jar
2014-11-10 14:30:10,322 [Worker-6] INFO  o.e.m.c.i.e.AbstractTransferListenerAdapter - Downloaded http://download.java.net/maven/2/org/codehaus/jackson/jackson-core-asl/1.6.3/jackson-core-asl-1.6.3.jar
2014-11-10 14:30:10,440 [Worker-6] INFO  o.e.m.c.i.e.AbstractTransferListenerAdapter - Downloaded http://download.java.net/maven/2/org/codehaus/jackson/jackson-mapper-asl/1.6.3/jackson-mapper-asl-1.6.3.jar
2014-11-10 14:30:10,560 [Worker-6] INFO  o.e.m.c.i.e.AbstractTransferListenerAdapter - Downloaded http://download.java.net/maven/2/org/codehaus/jackson/jackson-jaxrs/1.6.3/jackson-jaxrs-1.6.3.jar
2014-11-10 14:30:10,678 [Worker-6] INFO  o.e.m.c.i.e.AbstractTransferListenerAdapter - Downloaded http://download.java.net/maven/2/org/codehaus/jackson/jackson-xc/1.6.3/jackson-xc-1.6.3.jar
2014-11-10 14:30:10,801 [Worker-6] INFO  o.e.m.c.i.e.AbstractTransferListenerAdapter - Downloaded http://download.java.net/maven/2/mysql/mysql-connector-java/5.1.21/mysql-connector-java-5.1.21.jar
2014-11-10 14:30:10,919 [Worker-6] INFO  o.e.m.c.i.e.AbstractTransferListenerAdapter - Downloaded http://download.java.net/maven/2/org/bytedeco/javacv/0.9/javacv-0.9.jar
2014-11-10 14:30:11,039 [Worker-6] INFO  o.e.m.c.i.e.AbstractTransferListenerAdapter - Downloaded http://download.java.net/maven/2/org/bytedeco/javacpp/0.9/javacpp-0.9.jar
2014-11-10 14:30:11,158 [Worker-6] INFO  o.e.m.c.i.e.AbstractTransferListenerAdapter - Downloaded http://download.java.net/maven/2/org/bytedeco/javacpp-presets/opencv/2.4.9-0.9/opencv-2.4.9-0.9.jar
2014-11-10 14:30:11,282 [Worker-6] INFO  o.e.m.c.i.e.AbstractTransferListenerAdapter - Downloaded http://download.java.net/maven/2/org/bytedeco/javacpp-presets/ffmpeg/2.3-0.9/ffmpeg-2.3-0.9.jar
2014-11-10 14:30:11,401 [Worker-6] INFO  o.e.m.c.i.e.AbstractTransferListenerAdapter - Downloaded http://download.java.net/maven/2/org/bytedeco/javacpp-presets/flycapture/2.6.3.4-0.9/flycapture-2.6.3.4-0.9.jar
2014-11-10 14:30:11,520 [Worker-6] INFO  o.e.m.c.i.e.AbstractTransferListenerAdapter - Downloaded http://download.java.net/maven/2/org/bytedeco/javacpp-presets/libdc1394/2.2.2-0.9/libdc1394-2.2.2-0.9.jar
2014-11-10 14:30:11,642 [Worker-6] INFO  o.e.m.c.i.e.AbstractTransferListenerAdapter - Downloaded http://download.java.net/maven/2/org/bytedeco/javacpp-presets/libfreenect/0.5-0.9/libfreenect-0.5-0.9.jar
2014-11-10 14:30:11,765 [Worker-6] INFO  o.e.m.c.i.e.AbstractTransferListenerAdapter - Downloaded http://download.java.net/maven/2/org/bytedeco/javacpp-presets/videoinput/0.200-0.9/videoinput-0.200-0.9.jar
2014-11-10 14:30:11,885 [Worker-6] INFO  o.e.m.c.i.e.AbstractTransferListenerAdapter - Downloaded http://download.java.net/maven/2/org/bytedeco/javacpp-presets/artoolkitplus/2.3.0-0.9/artoolkitplus-2.3.0-0.9.jar
2014-11-10 14:30:12,338 [Worker-6] INFO  o.e.m.c.i.e.AbstractTransferListenerAdapter - Downloading https://repository.jboss.org/nexus/content/groups/public-jboss/org/jboss/resteasy/resteasy-jaxrs/2.2.1.GA/resteasy-jaxrs-2.2.1.GA.jar
2014-11-10 14:30:13,909 [Worker-6] INFO  o.e.m.c.i.e.AbstractTransferListenerAdapter - Downloaded https://repository.jboss.org/nexus/content/groups/public-jboss/org/jboss/resteasy/resteasy-jaxrs/2.2.1.GA/resteasy-jaxrs-2.2.1.GA.jar
2014-11-10 14:30:13,972 [Worker-6] INFO  o.e.m.c.i.e.AbstractTransferListenerAdapter - Downloading https://repository.jboss.org/nexus/content/groups/public-jboss/org/jboss/resteasy/jaxrs-api/2.2.1.GA/jaxrs-api-2.2.1.GA.jar
2014-11-10 14:30:14,166 [Worker-6] INFO  o.e.m.c.i.e.AbstractTransferListenerAdapter - Downloaded https://repository.jboss.org/nexus/content/groups/public-jboss/org/jboss/resteasy/jaxrs-api/2.2.1.GA/jaxrs-api-2.2.1.GA.jar
2014-11-10 14:30:14,229 [Worker-6] INFO  o.e.m.c.i.e.AbstractTransferListenerAdapter - Downloading https://repository.jboss.org/nexus/content/groups/public-jboss/org/scannotation/scannotation/1.0.3/scannotation-1.0.3.jar
2014-11-10 14:30:14,364 [Worker-6] INFO  o.e.m.c.i.e.AbstractTransferListenerAdapter - Downloaded https://repository.jboss.org/nexus/content/groups/public-jboss/org/scannotation/scannotation/1.0.3/scannotation-1.0.3.jar
2014-11-10 14:30:14,430 [Worker-6] INFO  o.e.m.c.i.e.AbstractTransferListenerAdapter - Downloading https://repository.jboss.org/nexus/content/groups/public-jboss/javassist/javassist/3.12.1.GA/javassist-3.12.1.GA.jar
2014-11-10 14:30:15,340 [Worker-6] INFO  o.e.m.c.i.e.AbstractTransferListenerAdapter - Downloaded https://repository.jboss.org/nexus/content/groups/public-jboss/javassist/javassist/3.12.1.GA/javassist-3.12.1.GA.jar
2014-11-10 14:30:15,408 [Worker-6] INFO  o.e.m.c.i.e.AbstractTransferListenerAdapter - Downloading https://repository.jboss.org/nexus/content/groups/public-jboss/javax/activation/activation/1.1/activation-1.1.jar
2014-11-10 14:30:15,601 [Worker-6] INFO  o.e.m.c.i.e.AbstractTransferListenerAdapter - Downloaded https://repository.jboss.org/nexus/content/groups/public-jboss/javax/activation/activation/1.1/activation-1.1.jar
2014-11-10 14:30:15,667 [Worker-6] INFO  o.e.m.c.i.e.AbstractTransferListenerAdapter - Downloading https://repository.jboss.org/nexus/content/groups/public-jboss/commons-httpclient/commons-httpclient/3.1/commons-httpclient-3.1.jar
2014-11-10 14:30:16,060 [Worker-6] INFO  o.e.m.c.i.e.AbstractTransferListenerAdapter - Downloaded https://repository.jboss.org/nexus/content/groups/public-jboss/commons-httpclient/commons-httpclient/3.1/commons-httpclient-3.1.jar
2014-11-10 14:30:16,123 [Worker-6] INFO  o.e.m.c.i.e.AbstractTransferListenerAdapter - Downloading https://repository.jboss.org/nexus/content/groups/public-jboss/commons-logging/commons-logging/1.0.4/commons-logging-1.0.4.jar
2014-11-10 14:30:16,260 [Worker-6] INFO  o.e.m.c.i.e.AbstractTransferListenerAdapter - Downloaded https://repository.jboss.org/nexus/content/groups/public-jboss/commons-logging/commons-logging/1.0.4/commons-logging-1.0.4.jar
2014-11-10 14:30:16,328 [Worker-6] INFO  o.e.m.c.i.e.AbstractTransferListenerAdapter - Downloading https://repository.jboss.org/nexus/content/groups/public-jboss/commons-codec/commons-codec/1.2/commons-codec-1.2.jar
2014-11-10 14:30:16,466 [Worker-6] INFO  o.e.m.c.i.e.AbstractTransferListenerAdapter - Downloaded https://repository.jboss.org/nexus/content/groups/public-jboss/commons-codec/commons-codec/1.2/commons-codec-1.2.jar
2014-11-10 14:30:16,567 [Worker-6] INFO  o.e.m.c.i.e.AbstractTransferListenerAdapter - Downloading https://repository.jboss.org/nexus/content/groups/public-jboss/org/apache/httpcomponents/httpclient/4.0.3/httpclient-4.0.3.jar
2014-11-10 14:30:16,956 [Worker-6] INFO  o.e.m.c.i.e.AbstractTransferListenerAdapter - Downloaded https://repository.jboss.org/nexus/content/groups/public-jboss/org/apache/httpcomponents/httpclient/4.0.3/httpclient-4.0.3.jar
2014-11-10 14:30:17,018 [Worker-6] INFO  o.e.m.c.i.e.AbstractTransferListenerAdapter - Downloading https://repository.jboss.org/nexus/content/groups/public-jboss/org/apache/httpcomponents/httpcore/4.0.1/httpcore-4.0.1.jar
2014-11-10 14:30:17,325 [Worker-6] INFO  o.e.m.c.i.e.AbstractTransferListenerAdapter - Downloaded https://repository.jboss.org/nexus/content/groups/public-jboss/org/apache/httpcomponents/httpcore/4.0.1/httpcore-4.0.1.jar
2014-11-10 14:30:17,390 [Worker-6] INFO  o.e.m.c.i.e.AbstractTransferListenerAdapter - Downloading https://repository.jboss.org/nexus/content/groups/public-jboss/net/jcip/jcip-annotations/1.0/jcip-annotations-1.0.jar
2014-11-10 14:30:17,520 [Worker-6] INFO  o.e.m.c.i.e.AbstractTransferListenerAdapter - Downloaded https://repository.jboss.org/nexus/content/groups/public-jboss/net/jcip/jcip-annotations/1.0/jcip-annotations-1.0.jar
2014-11-10 14:30:17,582 [Worker-6] INFO  o.e.m.c.i.e.AbstractTransferListenerAdapter - Downloading https://repository.jboss.org/nexus/content/groups/public-jboss/org/jboss/resteasy/resteasy-jackson-provider/2.2.1.GA/resteasy-jackson-provider-2.2.1.GA.jar
2014-11-10 14:30:17,709 [Worker-6] INFO  o.e.m.c.i.e.AbstractTransferListenerAdapter - Downloaded https://repository.jboss.org/nexus/content/groups/public-jboss/org/jboss/resteasy/resteasy-jackson-provider/2.2.1.GA/resteasy-jackson-provider-2.2.1.GA.jar
2014-11-10 14:30:17,808 [Worker-6] INFO  o.e.m.c.i.e.AbstractTransferListenerAdapter - Downloading https://repository.jboss.org/nexus/content/groups/public-jboss/org/codehaus/jackson/jackson-core-asl/1.6.3/jackson-core-asl-1.6.3.jar
2014-11-10 14:30:18,398 [Worker-6] INFO  o.e.m.c.i.e.AbstractTransferListenerAdapter - Downloaded https://repository.jboss.org/nexus/content/groups/public-jboss/org/codehaus/jackson/jackson-core-asl/1.6.3/jackson-core-asl-1.6.3.jar
2014-11-10 14:30:18,504 [Worker-6] INFO  o.e.m.c.i.e.AbstractTransferListenerAdapter - Downloading https://repository.jboss.org/nexus/content/groups/public-jboss/org/codehaus/jackson/jackson-mapper-asl/1.6.3/jackson-mapper-asl-1.6.3.jar
2014-11-10 14:30:20,531 [Worker-6] INFO  o.e.m.c.i.e.AbstractTransferListenerAdapter - Downloaded https://repository.jboss.org/nexus/content/groups/public-jboss/org/codehaus/jackson/jackson-mapper-asl/1.6.3/jackson-mapper-asl-1.6.3.jar
2014-11-10 14:30:20,626 [Worker-6] INFO  o.e.m.c.i.e.AbstractTransferListenerAdapter - Downloading https://repository.jboss.org/nexus/content/groups/public-jboss/org/codehaus/jackson/jackson-jaxrs/1.6.3/jackson-jaxrs-1.6.3.jar
2014-11-10 14:30:20,821 [Worker-6] INFO  o.e.m.c.i.e.AbstractTransferListenerAdapter - Downloaded https://repository.jboss.org/nexus/content/groups/public-jboss/org/codehaus/jackson/jackson-jaxrs/1.6.3/jackson-jaxrs-1.6.3.jar
2014-11-10 14:30:20,915 [Worker-6] INFO  o.e.m.c.i.e.AbstractTransferListenerAdapter - Downloading https://repository.jboss.org/nexus/content/groups/public-jboss/org/codehaus/jackson/jackson-xc/1.6.3/jackson-xc-1.6.3.jar
2014-11-10 14:30:21,167 [Worker-6] INFO  o.e.m.c.i.e.AbstractTransferListenerAdapter - Downloaded https://repository.jboss.org/nexus/content/groups/public-jboss/org/codehaus/jackson/jackson-xc/1.6.3/jackson-xc-1.6.3.jar
2014-11-10 14:30:21,230 [Worker-6] INFO  o.e.m.c.i.e.AbstractTransferListenerAdapter - Downloading https://repository.jboss.org/nexus/content/groups/public-jboss/mysql/mysql-connector-java/5.1.21/mysql-connector-java-5.1.21.jar
2014-11-10 14:30:23,361 [Worker-6] INFO  o.e.m.c.i.e.AbstractTransferListenerAdapter - Downloaded https://repository.jboss.org/nexus/content/groups/public-jboss/mysql/mysql-connector-java/5.1.21/mysql-connector-java-5.1.21.jar
2014-11-10 14:30:23,440 [Worker-6] INFO  o.e.m.c.i.e.AbstractTransferListenerAdapter - Downloading https://repository.jboss.org/nexus/content/groups/public-jboss/org/bytedeco/javacv/0.9/javacv-0.9.jar
2014-11-10 14:30:24,652 [Worker-6] INFO  o.e.m.c.i.e.AbstractTransferListenerAdapter - Downloaded https://repository.jboss.org/nexus/content/groups/public-jboss/org/bytedeco/javacv/0.9/javacv-0.9.jar
2014-11-10 14:30:24,738 [Worker-6] INFO  o.e.m.c.i.e.AbstractTransferListenerAdapter - Downloading https://repository.jboss.org/nexus/content/groups/public-jboss/org/bytedeco/javacpp/0.9/javacpp-0.9.jar
2014-11-10 14:30:25,348 [Worker-6] INFO  o.e.m.c.i.e.AbstractTransferListenerAdapter - Downloaded https://repository.jboss.org/nexus/content/groups/public-jboss/org/bytedeco/javacpp/0.9/javacpp-0.9.jar
2014-11-10 14:30:25,639 [Worker-6] INFO  o.e.m.c.i.e.AbstractTransferListenerAdapter - Downloading https://repository.jboss.org/nexus/content/groups/public-jboss/org/bytedeco/javacpp-presets/opencv/2.4.9-0.9/opencv-2.4.9-0.9.jar
2014-11-10 14:30:27,983 [Worker-6] INFO  o.e.m.c.i.e.AbstractTransferListenerAdapter - Downloaded https://repository.jboss.org/nexus/content/groups/public-jboss/org/bytedeco/javacpp-presets/opencv/2.4.9-0.9/opencv-2.4.9-0.9.jar
2014-11-10 14:30:28,264 [Worker-6] INFO  o.e.m.c.i.e.AbstractTransferListenerAdapter - Downloading https://repository.jboss.org/nexus/content/groups/public-jboss/org/bytedeco/javacpp-presets/ffmpeg/2.3-0.9/ffmpeg-2.3-0.9.jar
2014-11-10 14:30:29,161 [Worker-6] INFO  o.e.m.c.i.e.AbstractTransferListenerAdapter - Downloaded https://repository.jboss.org/nexus/content/groups/public-jboss/org/bytedeco/javacpp-presets/ffmpeg/2.3-0.9/ffmpeg-2.3-0.9.jar
2014-11-10 14:30:29,443 [Worker-6] INFO  o.e.m.c.i.e.AbstractTransferListenerAdapter - Downloading https://repository.jboss.org/nexus/content/groups/public-jboss/org/bytedeco/javacpp-presets/flycapture/2.6.3.4-0.9/flycapture-2.6.3.4-0.9.jar
2014-11-10 14:30:30,041 [Worker-6] INFO  o.e.m.c.i.e.AbstractTransferListenerAdapter - Downloaded https://repository.jboss.org/nexus/content/groups/public-jboss/org/bytedeco/javacpp-presets/flycapture/2.6.3.4-0.9/flycapture-2.6.3.4-0.9.jar
2014-11-10 14:30:30,329 [Worker-6] INFO  o.e.m.c.i.e.AbstractTransferListenerAdapter - Downloading https://repository.jboss.org/nexus/content/groups/public-jboss/org/bytedeco/javacpp-presets/libdc1394/2.2.2-0.9/libdc1394-2.2.2-0.9.jar
2014-11-10 14:30:30,857 [Worker-6] INFO  o.e.m.c.i.e.AbstractTransferListenerAdapter - Downloaded https://repository.jboss.org/nexus/content/groups/public-jboss/org/bytedeco/javacpp-presets/libdc1394/2.2.2-0.9/libdc1394-2.2.2-0.9.jar
2014-11-10 14:30:30,927 [Worker-6] INFO  o.e.m.c.i.e.AbstractTransferListenerAdapter - Downloading https://repository.jboss.org/nexus/content/groups/public-jboss/org/bytedeco/javacpp-presets/libfreenect/0.5-0.9/libfreenect-0.5-0.9.jar
2014-11-10 14:30:31,432 [Worker-6] INFO  o.e.m.c.i.e.AbstractTransferListenerAdapter - Downloaded https://repository.jboss.org/nexus/content/groups/public-jboss/org/bytedeco/javacpp-presets/libfreenect/0.5-0.9/libfreenect-0.5-0.9.jar
2014-11-10 14:30:31,496 [Worker-6] INFO  o.e.m.c.i.e.AbstractTransferListenerAdapter - Downloading https://repository.jboss.org/nexus/content/groups/public-jboss/org/bytedeco/javacpp-presets/videoinput/0.200-0.9/videoinput-0.200-0.9.jar
2014-11-10 14:30:31,977 [Worker-6] INFO  o.e.m.c.i.e.AbstractTransferListenerAdapter - Downloaded https://repository.jboss.org/nexus/content/groups/public-jboss/org/bytedeco/javacpp-presets/videoinput/0.200-0.9/videoinput-0.200-0.9.jar
2014-11-10 14:30:32,046 [Worker-6] INFO  o.e.m.c.i.e.AbstractTransferListenerAdapter - Downloading https://repository.jboss.org/nexus/content/groups/public-jboss/org/bytedeco/javacpp-presets/artoolkitplus/2.3.0-0.9/artoolkitplus-2.3.0-0.9.jar
2014-11-10 14:30:32,880 [Worker-6] INFO  o.e.m.c.i.e.AbstractTransferListenerAdapter - Downloaded https://repository.jboss.org/nexus/content/groups/public-jboss/org/bytedeco/javacpp-presets/artoolkitplus/2.3.0-0.9/artoolkitplus-2.3.0-0.9.jar
2014-11-10 14:30:34,913 [Worker-3] INFO  o.e.m.c.i.l.LifecycleMappingFactory - Using org.maven.ide.eclipse.wtp.WarLifecycleMapping lifecycle mapping for MavenProject: com.impl_auth.common:CentralServer:1.0-SNAPSHOT @ /Users/pratibha/Desktop/Practicum2014-Ericsson-Authentication/AuthenticationServer/pom.xml.
2014-11-10 14:30:34,920 [Worker-6] INFO  o.e.m.j.i.AbstractJavaProjectConfigurator - Adding source folder /AuthenticationServer/src/main/java
2014-11-10 14:30:34,921 [Worker-6] INFO  o.e.m.j.i.AbstractJavaProjectConfigurator - Resources folder /AuthenticationServer/src/main/resources overlaps with sources folder /AuthenticationServer/src/main/resources
2014-11-10 14:30:34,924 [Worker-6] INFO  o.e.m.j.i.AbstractJavaProjectConfigurator - Adding source folder /AuthenticationServer/src/test/java
2014-11-10 14:30:35,772 [Worker-6] INFO  o.e.m.c.i.p.ProjectConfigurationManager - Imported and configured 1 project(s) in 62 sec
2014-11-10 14:30:38,526 [Worker-4] INFO  o.e.m.c.i.l.LifecycleMappingFactory - Using org.maven.ide.eclipse.wtp.WarLifecycleMapping lifecycle mapping for MavenProject: com.impl_auth.common:CentralServer:1.0-SNAPSHOT @ /Users/pratibha/Desktop/Practicum2014-Ericsson-Authentication/AuthenticationServer/pom.xml.
2014-11-10 14:30:39,006 [Worker-4] INFO  o.e.m.c.i.embedder.EclipseLogger - Using 'UTF-8' encoding to copy filtered resources.
2014-11-10 14:30:39,071 [Worker-4] INFO  o.e.m.c.i.embedder.EclipseLogger - Copying 1 resource
2014-11-10 14:30:39,104 [Worker-4] INFO  o.e.m.c.i.embedder.EclipseLogger - Using 'UTF-8' encoding to copy filtered resources.
2014-11-10 14:30:39,104 [Worker-4] INFO  o.e.m.c.i.embedder.EclipseLogger - skip non existing resourceDirectory /Users/pratibha/Desktop/Practicum2014-Ericsson-Authentication/AuthenticationServer/src/test/resources
2014-11-10 14:34:16,124 [Worker-3] INFO  o.e.m.c.i.l.LifecycleMappingFactory - Using org.maven.ide.eclipse.wtp.WarLifecycleMapping lifecycle mapping for MavenProject: com.impl_auth.common:CentralServer:1.0-SNAPSHOT @ /Users/pratibha/Desktop/Practicum2014-Ericsson-Authentication/AuthenticationServer/pom.xml.
2014-11-10 14:34:16,288 [Worker-3] INFO  o.e.m.c.i.e.AbstractTransferListenerAdapter - Downloaded http://download.java.net/maven/2/org/bytedeco/javacv/0.8/javacv-0.8.pom
2014-11-10 14:34:16,820 [Worker-3] INFO  o.e.m.c.i.e.AbstractTransferListenerAdapter - Downloaded https://repository.jboss.org/nexus/content/groups/public-jboss/org/bytedeco/javacv/0.8/javacv-0.8.pom
2014-11-10 14:34:16,944 [Worker-3] INFO  o.e.m.c.i.e.AbstractTransferListenerAdapter - Downloaded http://download.java.net/maven/2/org/bytedeco/javacpp/0.8/javacpp-0.8.pom
2014-11-10 14:34:17,278 [Worker-3] INFO  o.e.m.c.i.e.AbstractTransferListenerAdapter - Downloading https://repository.jboss.org/nexus/content/groups/public-jboss/org/bytedeco/javacpp/0.8/javacpp-0.8.pom
2014-11-10 14:34:17,417 [Worker-3] INFO  o.e.m.c.i.e.AbstractTransferListenerAdapter - Downloaded https://repository.jboss.org/nexus/content/groups/public-jboss/org/bytedeco/javacpp/0.8/javacpp-0.8.pom
2014-11-10 14:34:17,549 [Worker-3] INFO  o.e.m.c.i.e.AbstractTransferListenerAdapter - Downloaded http://download.java.net/maven/2/org/bytedeco/javacpp-presets/opencv/2.4.9-0.8/opencv-2.4.9-0.8.pom
2014-11-10 14:34:17,887 [Worker-3] INFO  o.e.m.c.i.e.AbstractTransferListenerAdapter - Downloading https://repository.jboss.org/nexus/content/groups/public-jboss/org/bytedeco/javacpp-presets/opencv/2.4.9-0.8/opencv-2.4.9-0.8.pom
2014-11-10 14:34:18,012 [Worker-3] INFO  o.e.m.c.i.e.AbstractTransferListenerAdapter - Downloaded https://repository.jboss.org/nexus/content/groups/public-jboss/org/bytedeco/javacpp-presets/opencv/2.4.9-0.8/opencv-2.4.9-0.8.pom
2014-11-10 14:34:18,133 [Worker-3] INFO  o.e.m.c.i.e.AbstractTransferListenerAdapter - Downloaded http://download.java.net/maven/2/org/bytedeco/javacpp-presets/0.8/javacpp-presets-0.8.pom
2014-11-10 14:34:18,670 [Worker-3] INFO  o.e.m.c.i.e.AbstractTransferListenerAdapter - Downloaded https://repository.jboss.org/nexus/content/groups/public-jboss/org/bytedeco/javacpp-presets/0.8/javacpp-presets-0.8.pom
2014-11-10 14:34:18,794 [Worker-3] INFO  o.e.m.c.i.e.AbstractTransferListenerAdapter - Downloaded http://download.java.net/maven/2/org/bytedeco/javacpp-presets/ffmpeg/2.2.1-0.8/ffmpeg-2.2.1-0.8.pom
2014-11-10 14:34:19,132 [Worker-3] INFO  o.e.m.c.i.e.AbstractTransferListenerAdapter - Downloading https://repository.jboss.org/nexus/content/groups/public-jboss/org/bytedeco/javacpp-presets/ffmpeg/2.2.1-0.8/ffmpeg-2.2.1-0.8.pom
2014-11-10 14:34:19,259 [Worker-3] INFO  o.e.m.c.i.e.AbstractTransferListenerAdapter - Downloaded https://repository.jboss.org/nexus/content/groups/public-jboss/org/bytedeco/javacpp-presets/ffmpeg/2.2.1-0.8/ffmpeg-2.2.1-0.8.pom
2014-11-10 14:34:19,381 [Worker-3] INFO  o.e.m.c.i.e.AbstractTransferListenerAdapter - Downloaded http://download.java.net/maven/2/org/bytedeco/javacpp-presets/flycapture/1.7.17-0.8/flycapture-1.7.17-0.8.pom
2014-11-10 14:34:19,728 [Worker-3] INFO  o.e.m.c.i.e.AbstractTransferListenerAdapter - Downloading https://repository.jboss.org/nexus/content/groups/public-jboss/org/bytedeco/javacpp-presets/flycapture/1.7.17-0.8/flycapture-1.7.17-0.8.pom
2014-11-10 14:34:19,868 [Worker-3] INFO  o.e.m.c.i.e.AbstractTransferListenerAdapter - Downloaded https://repository.jboss.org/nexus/content/groups/public-jboss/org/bytedeco/javacpp-presets/flycapture/1.7.17-0.8/flycapture-1.7.17-0.8.pom
2014-11-10 14:34:19,997 [Worker-3] INFO  o.e.m.c.i.e.AbstractTransferListenerAdapter - Downloaded http://download.java.net/maven/2/org/bytedeco/javacpp-presets/libdc1394/2.2.2-0.8/libdc1394-2.2.2-0.8.pom
2014-11-10 14:34:20,332 [Worker-3] INFO  o.e.m.c.i.e.AbstractTransferListenerAdapter - Downloading https://repository.jboss.org/nexus/content/groups/public-jboss/org/bytedeco/javacpp-presets/libdc1394/2.2.2-0.8/libdc1394-2.2.2-0.8.pom
2014-11-10 14:34:20,457 [Worker-3] INFO  o.e.m.c.i.e.AbstractTransferListenerAdapter - Downloaded https://repository.jboss.org/nexus/content/groups/public-jboss/org/bytedeco/javacpp-presets/libdc1394/2.2.2-0.8/libdc1394-2.2.2-0.8.pom
2014-11-10 14:34:20,585 [Worker-3] INFO  o.e.m.c.i.e.AbstractTransferListenerAdapter - Downloaded http://download.java.net/maven/2/org/bytedeco/javacpp-presets/libfreenect/0.4-0.8/libfreenect-0.4-0.8.pom
2014-11-10 14:34:20,932 [Worker-3] INFO  o.e.m.c.i.e.AbstractTransferListenerAdapter - Downloading https://repository.jboss.org/nexus/content/groups/public-jboss/org/bytedeco/javacpp-presets/libfreenect/0.4-0.8/libfreenect-0.4-0.8.pom
2014-11-10 14:34:21,060 [Worker-3] INFO  o.e.m.c.i.e.AbstractTransferListenerAdapter - Downloaded https://repository.jboss.org/nexus/content/groups/public-jboss/org/bytedeco/javacpp-presets/libfreenect/0.4-0.8/libfreenect-0.4-0.8.pom
2014-11-10 14:34:21,188 [Worker-3] INFO  o.e.m.c.i.e.AbstractTransferListenerAdapter - Downloaded http://download.java.net/maven/2/org/bytedeco/javacpp-presets/videoinput/0.200-0.8/videoinput-0.200-0.8.pom
2014-11-10 14:34:21,522 [Worker-3] INFO  o.e.m.c.i.e.AbstractTransferListenerAdapter - Downloading https://repository.jboss.org/nexus/content/groups/public-jboss/org/bytedeco/javacpp-presets/videoinput/0.200-0.8/videoinput-0.200-0.8.pom
2014-11-10 14:34:21,646 [Worker-3] INFO  o.e.m.c.i.e.AbstractTransferListenerAdapter - Downloaded https://repository.jboss.org/nexus/content/groups/public-jboss/org/bytedeco/javacpp-presets/videoinput/0.200-0.8/videoinput-0.200-0.8.pom
2014-11-10 14:34:21,770 [Worker-3] INFO  o.e.m.c.i.e.AbstractTransferListenerAdapter - Downloaded http://download.java.net/maven/2/org/bytedeco/javacpp-presets/artoolkitplus/2.3.0-0.8/artoolkitplus-2.3.0-0.8.pom
2014-11-10 14:34:22,106 [Worker-3] INFO  o.e.m.c.i.e.AbstractTransferListenerAdapter - Downloading https://repository.jboss.org/nexus/content/groups/public-jboss/org/bytedeco/javacpp-presets/artoolkitplus/2.3.0-0.8/artoolkitplus-2.3.0-0.8.pom
2014-11-10 14:34:22,238 [Worker-3] INFO  o.e.m.c.i.e.AbstractTransferListenerAdapter - Downloaded https://repository.jboss.org/nexus/content/groups/public-jboss/org/bytedeco/javacpp-presets/artoolkitplus/2.3.0-0.8/artoolkitplus-2.3.0-0.8.pom
2014-11-10 14:34:22,391 [Worker-3] INFO  o.e.m.c.i.e.AbstractTransferListenerAdapter - Downloaded http://download.java.net/maven/2/org/bytedeco/javacv/0.8/javacv-0.8.jar
2014-11-10 14:34:22,509 [Worker-3] INFO  o.e.m.c.i.e.AbstractTransferListenerAdapter - Downloaded http://download.java.net/maven/2/org/bytedeco/javacpp/0.8/javacpp-0.8.jar
2014-11-10 14:34:22,626 [Worker-3] INFO  o.e.m.c.i.e.AbstractTransferListenerAdapter - Downloaded http://download.java.net/maven/2/org/bytedeco/javacpp-presets/opencv/2.4.9-0.8/opencv-2.4.9-0.8.jar
2014-11-10 14:34:22,748 [Worker-3] INFO  o.e.m.c.i.e.AbstractTransferListenerAdapter - Downloaded http://download.java.net/maven/2/org/bytedeco/javacpp-presets/ffmpeg/2.2.1-0.8/ffmpeg-2.2.1-0.8.jar
2014-11-10 14:34:22,868 [Worker-3] INFO  o.e.m.c.i.e.AbstractTransferListenerAdapter - Downloaded http://download.java.net/maven/2/org/bytedeco/javacpp-presets/flycapture/1.7.17-0.8/flycapture-1.7.17-0.8.jar
2014-11-10 14:34:22,986 [Worker-3] INFO  o.e.m.c.i.e.AbstractTransferListenerAdapter - Downloaded http://download.java.net/maven/2/org/bytedeco/javacpp-presets/libdc1394/2.2.2-0.8/libdc1394-2.2.2-0.8.jar
2014-11-10 14:34:23,104 [Worker-3] INFO  o.e.m.c.i.e.AbstractTransferListenerAdapter - Downloaded http://download.java.net/maven/2/org/bytedeco/javacpp-presets/libfreenect/0.4-0.8/libfreenect-0.4-0.8.jar
2014-11-10 14:34:23,220 [Worker-3] INFO  o.e.m.c.i.e.AbstractTransferListenerAdapter - Downloaded http://download.java.net/maven/2/org/bytedeco/javacpp-presets/videoinput/0.200-0.8/videoinput-0.200-0.8.jar
2014-11-10 14:34:23,336 [Worker-3] INFO  o.e.m.c.i.e.AbstractTransferListenerAdapter - Downloaded http://download.java.net/maven/2/org/bytedeco/javacpp-presets/artoolkitplus/2.3.0-0.8/artoolkitplus-2.3.0-0.8.jar
2014-11-10 14:34:23,460 [Worker-3] INFO  o.e.m.c.i.e.AbstractTransferListenerAdapter - Downloaded http://download.java.net/maven/2/org/bytedeco/javacpp-presets/opencv/2.4.9-0.8/opencv-2.4.9-0.8-macosx-x86_64.jar
2014-11-10 14:34:23,578 [Worker-3] INFO  o.e.m.c.i.e.AbstractTransferListenerAdapter - Downloaded http://download.java.net/maven/2/org/bytedeco/javacpp-presets/ffmpeg/2.2.1-0.8/ffmpeg-2.2.1-0.8-macosx-x86_64.jar
2014-11-10 14:34:23,699 [Worker-3] INFO  o.e.m.c.i.e.AbstractTransferListenerAdapter - Downloaded http://download.java.net/maven/2/org/bytedeco/javacpp-presets/flycapture/1.7.17-0.8/flycapture-1.7.17-0.8-macosx-x86_64.jar
2014-11-10 14:34:23,816 [Worker-3] INFO  o.e.m.c.i.e.AbstractTransferListenerAdapter - Downloaded http://download.java.net/maven/2/org/bytedeco/javacpp-presets/libdc1394/2.2.2-0.8/libdc1394-2.2.2-0.8-macosx-x86_64.jar
2014-11-10 14:34:23,934 [Worker-3] INFO  o.e.m.c.i.e.AbstractTransferListenerAdapter - Downloaded http://download.java.net/maven/2/org/bytedeco/javacpp-presets/libfreenect/0.4-0.8/libfreenect-0.4-0.8-macosx-x86_64.jar
2014-11-10 14:34:24,051 [Worker-3] INFO  o.e.m.c.i.e.AbstractTransferListenerAdapter - Downloaded http://download.java.net/maven/2/org/bytedeco/javacpp-presets/videoinput/0.200-0.8/videoinput-0.200-0.8-macosx-x86_64.jar
2014-11-10 14:34:24,255 [Worker-3] INFO  o.e.m.c.i.e.AbstractTransferListenerAdapter - Downloaded http://download.java.net/maven/2/org/bytedeco/javacpp-presets/artoolkitplus/2.3.0-0.8/artoolkitplus-2.3.0-0.8-macosx-x86_64.jar
2014-11-10 14:34:24,599 [Worker-3] INFO  o.e.m.c.i.e.AbstractTransferListenerAdapter - Downloading https://repository.jboss.org/nexus/content/groups/public-jboss/org/bytedeco/javacv/0.8/javacv-0.8.jar
2014-11-10 14:34:25,104 [Worker-3] INFO  o.e.m.c.i.e.AbstractTransferListenerAdapter - Downloaded https://repository.jboss.org/nexus/content/groups/public-jboss/org/bytedeco/javacv/0.8/javacv-0.8.jar
2014-11-10 14:34:25,377 [Worker-3] INFO  o.e.m.c.i.e.AbstractTransferListenerAdapter - Downloading https://repository.jboss.org/nexus/content/groups/public-jboss/org/bytedeco/javacpp/0.8/javacpp-0.8.jar
2014-11-10 14:34:25,807 [Worker-3] INFO  o.e.m.c.i.e.AbstractTransferListenerAdapter - Downloaded https://repository.jboss.org/nexus/content/groups/public-jboss/org/bytedeco/javacpp/0.8/javacpp-0.8.jar
2014-11-10 14:34:25,870 [Worker-3] INFO  o.e.m.c.i.e.AbstractTransferListenerAdapter - Downloading https://repository.jboss.org/nexus/content/groups/public-jboss/org/bytedeco/javacpp-presets/opencv/2.4.9-0.8/opencv-2.4.9-0.8.jar
2014-11-10 14:34:26,370 [Worker-3] INFO  o.e.m.c.i.e.AbstractTransferListenerAdapter - Downloaded https://repository.jboss.org/nexus/content/groups/public-jboss/org/bytedeco/javacpp-presets/opencv/2.4.9-0.8/opencv-2.4.9-0.8.jar
2014-11-10 14:34:26,649 [Worker-3] INFO  o.e.m.c.i.e.AbstractTransferListenerAdapter - Downloading https://repository.jboss.org/nexus/content/groups/public-jboss/org/bytedeco/javacpp-presets/ffmpeg/2.2.1-0.8/ffmpeg-2.2.1-0.8.jar
2014-11-10 14:34:27,083 [Worker-3] INFO  o.e.m.c.i.e.AbstractTransferListenerAdapter - Downloaded https://repository.jboss.org/nexus/content/groups/public-jboss/org/bytedeco/javacpp-presets/ffmpeg/2.2.1-0.8/ffmpeg-2.2.1-0.8.jar
2014-11-10 14:34:27,146 [Worker-3] INFO  o.e.m.c.i.e.AbstractTransferListenerAdapter - Downloading https://repository.jboss.org/nexus/content/groups/public-jboss/org/bytedeco/javacpp-presets/flycapture/1.7.17-0.8/flycapture-1.7.17-0.8.jar
2014-11-10 14:34:27,278 [Worker-3] INFO  o.e.m.c.i.e.AbstractTransferListenerAdapter - Downloaded https://repository.jboss.org/nexus/content/groups/public-jboss/org/bytedeco/javacpp-presets/flycapture/1.7.17-0.8/flycapture-1.7.17-0.8.jar
2014-11-10 14:34:27,555 [Worker-3] INFO  o.e.m.c.i.e.AbstractTransferListenerAdapter - Downloading https://repository.jboss.org/nexus/content/groups/public-jboss/org/bytedeco/javacpp-presets/libdc1394/2.2.2-0.8/libdc1394-2.2.2-0.8.jar
2014-11-10 14:34:27,750 [Worker-3] INFO  o.e.m.c.i.e.AbstractTransferListenerAdapter - Downloaded https://repository.jboss.org/nexus/content/groups/public-jboss/org/bytedeco/javacpp-presets/libdc1394/2.2.2-0.8/libdc1394-2.2.2-0.8.jar
2014-11-10 14:34:28,022 [Worker-3] INFO  o.e.m.c.i.e.AbstractTransferListenerAdapter - Downloading https://repository.jboss.org/nexus/content/groups/public-jboss/org/bytedeco/javacpp-presets/libfreenect/0.4-0.8/libfreenect-0.4-0.8.jar
2014-11-10 14:34:28,220 [Worker-3] INFO  o.e.m.c.i.e.AbstractTransferListenerAdapter - Downloaded https://repository.jboss.org/nexus/content/groups/public-jboss/org/bytedeco/javacpp-presets/libfreenect/0.4-0.8/libfreenect-0.4-0.8.jar
2014-11-10 14:34:28,283 [Worker-3] INFO  o.e.m.c.i.e.AbstractTransferListenerAdapter - Downloading https://repository.jboss.org/nexus/content/groups/public-jboss/org/bytedeco/javacpp-presets/videoinput/0.200-0.8/videoinput-0.200-0.8.jar
2014-11-10 14:34:28,415 [Worker-3] INFO  o.e.m.c.i.e.AbstractTransferListenerAdapter - Downloaded https://repository.jboss.org/nexus/content/groups/public-jboss/org/bytedeco/javacpp-presets/videoinput/0.200-0.8/videoinput-0.200-0.8.jar
2014-11-10 14:34:28,490 [Worker-3] INFO  o.e.m.c.i.e.AbstractTransferListenerAdapter - Downloading https://repository.jboss.org/nexus/content/groups/public-jboss/org/bytedeco/javacpp-presets/artoolkitplus/2.3.0-0.8/artoolkitplus-2.3.0-0.8.jar
2014-11-10 14:34:28,673 [Worker-3] INFO  o.e.m.c.i.e.AbstractTransferListenerAdapter - Downloaded https://repository.jboss.org/nexus/content/groups/public-jboss/org/bytedeco/javacpp-presets/artoolkitplus/2.3.0-0.8/artoolkitplus-2.3.0-0.8.jar
2014-11-10 14:34:28,736 [Worker-3] INFO  o.e.m.c.i.e.AbstractTransferListenerAdapter - Downloading https://repository.jboss.org/nexus/content/groups/public-jboss/org/bytedeco/javacpp-presets/opencv/2.4.9-0.8/opencv-2.4.9-0.8-macosx-x86_64.jar
2014-11-10 14:34:30,901 [Worker-3] INFO  o.e.m.c.i.e.AbstractTransferListenerAdapter - Downloaded https://repository.jboss.org/nexus/content/groups/public-jboss/org/bytedeco/javacpp-presets/opencv/2.4.9-0.8/opencv-2.4.9-0.8-macosx-x86_64.jar
2014-11-10 14:34:30,964 [Worker-3] INFO  o.e.m.c.i.e.AbstractTransferListenerAdapter - Downloading https://repository.jboss.org/nexus/content/groups/public-jboss/org/bytedeco/javacpp-presets/ffmpeg/2.2.1-0.8/ffmpeg-2.2.1-0.8-macosx-x86_64.jar
2014-11-10 14:34:32,285 [Worker-3] INFO  o.e.m.c.i.e.AbstractTransferListenerAdapter - Downloaded https://repository.jboss.org/nexus/content/groups/public-jboss/org/bytedeco/javacpp-presets/ffmpeg/2.2.1-0.8/ffmpeg-2.2.1-0.8-macosx-x86_64.jar
2014-11-10 14:34:32,346 [Worker-3] INFO  o.e.m.c.i.e.AbstractTransferListenerAdapter - Downloading https://repository.jboss.org/nexus/content/groups/public-jboss/org/bytedeco/javacpp-presets/flycapture/1.7.17-0.8/flycapture-1.7.17-0.8-macosx-x86_64.jar
2014-11-10 14:34:32,766 [Worker-3] INFO  o.e.m.c.i.e.AbstractTransferListenerAdapter - Downloaded https://repository.jboss.org/nexus/content/groups/public-jboss/org/bytedeco/javacpp-presets/flycapture/1.7.17-0.8/flycapture-1.7.17-0.8-macosx-x86_64.jar
2014-11-10 14:34:32,829 [Worker-3] INFO  o.e.m.c.i.e.AbstractTransferListenerAdapter - Downloading https://repository.jboss.org/nexus/content/groups/public-jboss/org/bytedeco/javacpp-presets/libdc1394/2.2.2-0.8/libdc1394-2.2.2-0.8-macosx-x86_64.jar
2014-11-10 14:34:32,972 [Worker-3] INFO  o.e.m.c.i.e.AbstractTransferListenerAdapter - Downloaded https://repository.jboss.org/nexus/content/groups/public-jboss/org/bytedeco/javacpp-presets/libdc1394/2.2.2-0.8/libdc1394-2.2.2-0.8-macosx-x86_64.jar
2014-11-10 14:34:33,038 [Worker-3] INFO  o.e.m.c.i.e.AbstractTransferListenerAdapter - Downloading https://repository.jboss.org/nexus/content/groups/public-jboss/org/bytedeco/javacpp-presets/libfreenect/0.4-0.8/libfreenect-0.4-0.8-macosx-x86_64.jar
2014-11-10 14:34:33,237 [Worker-3] INFO  o.e.m.c.i.e.AbstractTransferListenerAdapter - Downloaded https://repository.jboss.org/nexus/content/groups/public-jboss/org/bytedeco/javacpp-presets/libfreenect/0.4-0.8/libfreenect-0.4-0.8-macosx-x86_64.jar
2014-11-10 14:34:33,299 [Worker-3] INFO  o.e.m.c.i.e.AbstractTransferListenerAdapter - Downloading https://repository.jboss.org/nexus/content/groups/public-jboss/org/bytedeco/javacpp-presets/videoinput/0.200-0.8/videoinput-0.200-0.8-macosx-x86_64.jar
2014-11-10 14:34:33,491 [Worker-3] INFO  o.e.m.c.i.e.AbstractTransferListenerAdapter - Downloaded https://repository.jboss.org/nexus/content/groups/public-jboss/org/bytedeco/javacpp-presets/videoinput/0.200-0.8/videoinput-0.200-0.8-macosx-x86_64.jar
2014-11-10 14:34:33,553 [Worker-3] INFO  o.e.m.c.i.e.AbstractTransferListenerAdapter - Downloading https://repository.jboss.org/nexus/content/groups/public-jboss/org/bytedeco/javacpp-presets/artoolkitplus/2.3.0-0.8/artoolkitplus-2.3.0-0.8-macosx-x86_64.jar
2014-11-10 14:34:33,993 [Worker-3] INFO  o.e.m.c.i.e.AbstractTransferListenerAdapter - Downloaded https://repository.jboss.org/nexus/content/groups/public-jboss/org/bytedeco/javacpp-presets/artoolkitplus/2.3.0-0.8/artoolkitplus-2.3.0-0.8-macosx-x86_64.jar
2014-11-10 14:34:34,357 [Worker-3] INFO  o.e.m.c.i.embedder.EclipseLogger - Using 'UTF-8' encoding to copy filtered resources.
2014-11-10 14:34:34,384 [Worker-3] INFO  o.e.m.c.i.embedder.EclipseLogger - Copying 1 resource
2014-11-10 14:34:34,386 [Worker-3] INFO  o.e.m.c.i.embedder.EclipseLogger - Using 'UTF-8' encoding to copy filtered resources.
2014-11-10 14:34:34,386 [Worker-3] INFO  o.e.m.c.i.embedder.EclipseLogger - skip non existing resourceDirectory /Users/pratibha/Desktop/Practicum2014-Ericsson-Authentication/AuthenticationServer/src/test/resources
2014-11-10 14:34:34,386 [Worker-3] INFO  o.e.m.w.i.f.ResourceFilteringBuildParticipant - Changed resources require a complete clean of filtered resources of AuthenticationServer
2014-11-10 14:34:34,387 [Worker-3] INFO  o.e.m.w.i.f.ResourceFilteringBuildParticipant - Executing resource filtering for AuthenticationServer
2014-11-10 14:34:34,392 [Worker-3] INFO  o.e.m.c.i.embedder.EclipseLogger - Using 'UTF-8' encoding to copy filtered resources.
2014-11-10 14:34:36,015 [Worker-3] INFO  o.e.m.c.i.embedder.EclipseLogger - Using 'UTF-8' encoding to copy filtered resources.
2014-11-10 14:34:36,016 [Worker-3] INFO  o.e.m.c.i.embedder.EclipseLogger - Copying 1 resource
2014-11-10 14:34:36,018 [Worker-3] INFO  o.e.m.c.i.embedder.EclipseLogger - Using 'UTF-8' encoding to copy filtered resources.
2014-11-10 14:34:36,019 [Worker-3] INFO  o.e.m.c.i.embedder.EclipseLogger - skip non existing resourceDirectory /Users/pratibha/Desktop/Practicum2014-Ericsson-Authentication/AuthenticationServer/src/test/resources
2014-11-10 14:37:59,959 [Worker-8] INFO  o.e.m.c.i.embedder.EclipseLogger - Using 'UTF-8' encoding to copy filtered resources.
2014-11-10 14:37:59,960 [Worker-8] INFO  o.e.m.c.i.embedder.EclipseLogger - Copying 1 resource
2014-11-10 14:37:59,961 [Worker-8] INFO  o.e.m.c.i.embedder.EclipseLogger - Using 'UTF-8' encoding to copy filtered resources.
2014-11-10 14:37:59,961 [Worker-8] INFO  o.e.m.c.i.embedder.EclipseLogger - skip non existing resourceDirectory /Users/pratibha/Desktop/Practicum2014-Ericsson-Authentication/AuthenticationServer/src/test/resources
2014-11-10 14:38:35,817 [Worker-3] INFO  o.e.m.c.i.embedder.EclipseLogger - Using 'UTF-8' encoding to copy filtered resources.
2014-11-10 14:38:35,818 [Worker-3] INFO  o.e.m.c.i.embedder.EclipseLogger - Copying 1 resource
2014-11-10 14:38:35,820 [Worker-3] INFO  o.e.m.c.i.embedder.EclipseLogger - Using 'UTF-8' encoding to copy filtered resources.
2014-11-10 14:38:35,820 [Worker-3] INFO  o.e.m.c.i.embedder.EclipseLogger - skip non existing resourceDirectory /Users/pratibha/Desktop/Practicum2014-Ericsson-Authentication/AuthenticationServer/src/test/resources
2014-11-10 14:47:18,701 [Worker-9] INFO  o.e.m.c.i.embedder.EclipseLogger - Using 'UTF-8' encoding to copy filtered resources.
2014-11-10 14:47:18,702 [Worker-9] INFO  o.e.m.c.i.embedder.EclipseLogger - Copying 1 resource
2014-11-10 14:47:18,704 [Worker-9] INFO  o.e.m.c.i.embedder.EclipseLogger - Using 'UTF-8' encoding to copy filtered resources.
2014-11-10 14:47:18,704 [Worker-9] INFO  o.e.m.c.i.embedder.EclipseLogger - skip non existing resourceDirectory /Users/pratibha/Desktop/Practicum2014-Ericsson-Authentication/AuthenticationServer/src/test/resources
2014-11-10 14:47:20,900 [Worker-1] INFO  o.e.m.c.i.embedder.EclipseLogger - Using 'UTF-8' encoding to copy filtered resources.
2014-11-10 14:47:20,900 [Worker-1] INFO  o.e.m.c.i.embedder.EclipseLogger - Copying 0 resource
2014-11-10 14:47:20,902 [Worker-1] INFO  o.e.m.c.i.embedder.EclipseLogger - Using 'UTF-8' encoding to copy filtered resources.
2014-11-10 14:47:20,902 [Worker-1] INFO  o.e.m.c.i.embedder.EclipseLogger - skip non existing resourceDirectory /Users/pratibha/Desktop/Practicum2014-Ericsson-Authentication/AuthenticationServer/src/test/resources
2014-11-10 14:48:51,955 [Worker-1] INFO  o.e.m.c.i.embedder.EclipseLogger - Using 'UTF-8' encoding to copy filtered resources.
2014-11-10 14:48:51,955 [Worker-1] INFO  o.e.m.c.i.embedder.EclipseLogger - Copying 1 resource
2014-11-10 14:48:51,957 [Worker-1] INFO  o.e.m.c.i.embedder.EclipseLogger - Using 'UTF-8' encoding to copy filtered resources.
2014-11-10 14:48:51,957 [Worker-1] INFO  o.e.m.c.i.embedder.EclipseLogger - skip non existing resourceDirectory /Users/pratibha/Desktop/Practicum2014-Ericsson-Authentication/AuthenticationServer/src/test/resources
2014-11-10 14:50:31,259 [Worker-2] INFO  o.e.m.c.i.embedder.EclipseLogger - Using 'UTF-8' encoding to copy filtered resources.
2014-11-10 14:50:31,259 [Worker-2] INFO  o.e.m.c.i.embedder.EclipseLogger - Copying 0 resource
2014-11-10 14:50:31,260 [Worker-2] INFO  o.e.m.c.i.embedder.EclipseLogger - Using 'UTF-8' encoding to copy filtered resources.
2014-11-10 14:50:31,260 [Worker-2] INFO  o.e.m.c.i.embedder.EclipseLogger - skip non existing resourceDirectory /Users/pratibha/Desktop/Practicum2014-Ericsson-Authentication/AuthenticationServer/src/test/resources
